2025-08-04 12:38:46,435 - root - INFO - Logging system initialized - Level: INFO, File: logs/pipeline.log
2025-08-04 12:38:46,435 - test_module - INFO - This is a test info message
2025-08-04 12:38:46,435 - test_module - WARNING - This is a test warning message
2025-08-04 12:39:08,317 - root - INFO - Logging system initialized - Level: INFO, File: logs/pipeline.log
2025-08-04 12:39:08,318 - main - INFO - Diabetes LSTM Pipeline started
2025-08-04 12:39:08,319 - main - INFO - Pipeline initialization completed successfully
2025-08-04 14:51:54,604 - root - INFO - Logging system initialized - Level: INFO, File: logs/pipeline.log
2025-08-04 14:51:54,607 - diabetes_lstm_pipeline.orchestration.parallel_processor - INFO - Parallel processor initialized with 2 workers
2025-08-04 14:51:54,608 - diabetes_lstm_pipeline.sequence_generation.sequence_generation - INFO - Initialized TimeSeriesResampler with frequency=5min
2025-08-04 14:51:54,609 - diabetes_lstm_pipeline.sequence_generation.sequence_generation - INFO - Initialized SequenceValidator
2025-08-04 14:51:54,609 - diabetes_lstm_pipeline.sequence_generation.sequence_generation - INFO - Initialized SequenceGenerator with sequence_length=60 minutes (12 points), prediction_horizon=1
2025-08-04 14:51:54,609 - diabetes_lstm_pipeline.sequence_generation.sequence_generation - INFO - Initialized ParticipantSplitter with ratios: train=0.7, val=0.15, test=0.15
2025-08-04 14:51:54,609 - diabetes_lstm_pipeline.sequence_generation.sequence_generation - INFO - Initialized SequenceGenerationPipeline
2025-08-04 14:51:54,609 - diabetes_lstm_pipeline.orchestration.pipeline_orchestrator - ERROR - Failed to initialize pipeline components: expected str, bytes or os.PathLike object, not dict
2025-08-04 14:51:54,982 - diabetes_lstm_pipeline.utils.config_manager - INFO - Configuration loaded from /var/folders/f_/52v4bfmn4d5fz4c886q1d_l00000gn/T/tmpjkqf0g5y/test_config.yaml
2025-08-04 14:51:54,984 - diabetes_lstm_pipeline.orchestration.parallel_processor - INFO - Parallel processor initialized with 2 workers
2025-08-04 14:51:54,985 - diabetes_lstm_pipeline.sequence_generation.sequence_generation - INFO - Initialized TimeSeriesResampler with frequency=5min
2025-08-04 14:51:54,985 - diabetes_lstm_pipeline.sequence_generation.sequence_generation - INFO - Initialized SequenceValidator
2025-08-04 14:51:54,985 - diabetes_lstm_pipeline.sequence_generation.sequence_generation - INFO - Initialized SequenceGenerator with sequence_length=60 minutes (12 points), prediction_horizon=1
2025-08-04 14:51:54,985 - diabetes_lstm_pipeline.sequence_generation.sequence_generation - INFO - Initialized ParticipantSplitter with ratios: train=0.7, val=0.15, test=0.15
2025-08-04 14:51:54,986 - diabetes_lstm_pipeline.sequence_generation.sequence_generation - INFO - Initialized SequenceGenerationPipeline
2025-08-04 14:51:54,986 - diabetes_lstm_pipeline.orchestration.pipeline_orchestrator - ERROR - Failed to initialize pipeline components: expected str, bytes or os.PathLike object, not dict
2025-08-04 14:51:55,177 - diabetes_lstm_pipeline.utils.config_manager - INFO - Configuration loaded from /var/folders/f_/52v4bfmn4d5fz4c886q1d_l00000gn/T/tmpktnoijik/test_config.yaml
2025-08-04 14:51:55,178 - diabetes_lstm_pipeline.orchestration.parallel_processor - INFO - Parallel processor initialized with 2 workers
2025-08-04 14:51:55,179 - diabetes_lstm_pipeline.sequence_generation.sequence_generation - INFO - Initialized TimeSeriesResampler with frequency=5min
2025-08-04 14:51:55,179 - diabetes_lstm_pipeline.sequence_generation.sequence_generation - INFO - Initialized SequenceValidator
2025-08-04 14:51:55,179 - diabetes_lstm_pipeline.sequence_generation.sequence_generation - INFO - Initialized SequenceGenerator with sequence_length=60 minutes (12 points), prediction_horizon=1
2025-08-04 14:51:55,179 - diabetes_lstm_pipeline.sequence_generation.sequence_generation - INFO - Initialized ParticipantSplitter with ratios: train=0.7, val=0.15, test=0.15
2025-08-04 14:51:55,179 - diabetes_lstm_pipeline.sequence_generation.sequence_generation - INFO - Initialized SequenceGenerationPipeline
2025-08-04 14:51:55,179 - diabetes_lstm_pipeline.orchestration.pipeline_orchestrator - ERROR - Failed to initialize pipeline components: expected str, bytes or os.PathLike object, not dict
2025-08-04 14:51:55,237 - diabetes_lstm_pipeline.utils.config_manager - INFO - Configuration loaded from /var/folders/f_/52v4bfmn4d5fz4c886q1d_l00000gn/T/tmpnw0zse0n/test_config.yaml
2025-08-04 14:51:55,250 - diabetes_lstm_pipeline.orchestration.parallel_processor - INFO - Parallel processor initialized with 2 workers
2025-08-04 14:51:55,251 - diabetes_lstm_pipeline.sequence_generation.sequence_generation - INFO - Initialized TimeSeriesResampler with frequency=5min
2025-08-04 14:51:55,251 - diabetes_lstm_pipeline.sequence_generation.sequence_generation - INFO - Initialized SequenceValidator
2025-08-04 14:51:55,251 - diabetes_lstm_pipeline.sequence_generation.sequence_generation - INFO - Initialized SequenceGenerator with sequence_length=60 minutes (12 points), prediction_horizon=1
2025-08-04 14:51:55,251 - diabetes_lstm_pipeline.sequence_generation.sequence_generation - INFO - Initialized ParticipantSplitter with ratios: train=0.7, val=0.15, test=0.15
2025-08-04 14:51:55,251 - diabetes_lstm_pipeline.sequence_generation.sequence_generation - INFO - Initialized SequenceGenerationPipeline
2025-08-04 14:51:55,251 - diabetes_lstm_pipeline.orchestration.pipeline_orchestrator - ERROR - Failed to initialize pipeline components: expected str, bytes or os.PathLike object, not dict
2025-08-04 14:51:55,333 - diabetes_lstm_pipeline.utils.config_manager - INFO - Configuration loaded from /var/folders/f_/52v4bfmn4d5fz4c886q1d_l00000gn/T/tmpftzoy17o/test_config.yaml
2025-08-04 14:51:55,334 - diabetes_lstm_pipeline.orchestration.parallel_processor - INFO - Parallel processor initialized with 2 workers
2025-08-04 14:51:55,335 - diabetes_lstm_pipeline.sequence_generation.sequence_generation - INFO - Initialized TimeSeriesResampler with frequency=5min
2025-08-04 14:51:55,335 - diabetes_lstm_pipeline.sequence_generation.sequence_generation - INFO - Initialized SequenceValidator
2025-08-04 14:51:55,335 - diabetes_lstm_pipeline.sequence_generation.sequence_generation - INFO - Initialized SequenceGenerator with sequence_length=60 minutes (12 points), prediction_horizon=1
2025-08-04 14:51:55,335 - diabetes_lstm_pipeline.sequence_generation.sequence_generation - INFO - Initialized ParticipantSplitter with ratios: train=0.7, val=0.15, test=0.15
2025-08-04 14:51:55,335 - diabetes_lstm_pipeline.sequence_generation.sequence_generation - INFO - Initialized SequenceGenerationPipeline
2025-08-04 14:51:55,335 - diabetes_lstm_pipeline.orchestration.pipeline_orchestrator - ERROR - Failed to initialize pipeline components: expected str, bytes or os.PathLike object, not dict
2025-08-04 14:51:55,392 - diabetes_lstm_pipeline.utils.config_manager - INFO - Configuration loaded from /var/folders/f_/52v4bfmn4d5fz4c886q1d_l00000gn/T/tmphrw4pfxj/test_config.yaml
2025-08-04 14:51:55,395 - diabetes_lstm_pipeline.orchestration.parallel_processor - INFO - Parallel processor initialized with 2 workers
2025-08-04 14:51:55,395 - diabetes_lstm_pipeline.sequence_generation.sequence_generation - INFO - Initialized TimeSeriesResampler with frequency=5min
2025-08-04 14:51:55,395 - diabetes_lstm_pipeline.sequence_generation.sequence_generation - INFO - Initialized SequenceValidator
2025-08-04 14:51:55,395 - diabetes_lstm_pipeline.sequence_generation.sequence_generation - INFO - Initialized SequenceGenerator with sequence_length=60 minutes (12 points), prediction_horizon=1
2025-08-04 14:51:55,395 - diabetes_lstm_pipeline.sequence_generation.sequence_generation - INFO - Initialized ParticipantSplitter with ratios: train=0.7, val=0.15, test=0.15
2025-08-04 14:51:55,396 - diabetes_lstm_pipeline.sequence_generation.sequence_generation - INFO - Initialized SequenceGenerationPipeline
2025-08-04 14:51:55,396 - diabetes_lstm_pipeline.orchestration.pipeline_orchestrator - ERROR - Failed to initialize pipeline components: expected str, bytes or os.PathLike object, not dict
2025-08-04 14:51:55,460 - diabetes_lstm_pipeline.utils.config_manager - INFO - Configuration loaded from /var/folders/f_/52v4bfmn4d5fz4c886q1d_l00000gn/T/tmp_1a7wj72/test_config.yaml
2025-08-04 14:51:55,462 - diabetes_lstm_pipeline.orchestration.parallel_processor - INFO - Parallel processor initialized with 2 workers
2025-08-04 14:51:55,463 - diabetes_lstm_pipeline.sequence_generation.sequence_generation - INFO - Initialized TimeSeriesResampler with frequency=5min
2025-08-04 14:51:55,463 - diabetes_lstm_pipeline.sequence_generation.sequence_generation - INFO - Initialized SequenceValidator
2025-08-04 14:51:55,463 - diabetes_lstm_pipeline.sequence_generation.sequence_generation - INFO - Initialized SequenceGenerator with sequence_length=60 minutes (12 points), prediction_horizon=1
2025-08-04 14:51:55,463 - diabetes_lstm_pipeline.sequence_generation.sequence_generation - INFO - Initialized ParticipantSplitter with ratios: train=0.7, val=0.15, test=0.15
2025-08-04 14:51:55,463 - diabetes_lstm_pipeline.sequence_generation.sequence_generation - INFO - Initialized SequenceGenerationPipeline
2025-08-04 14:51:55,463 - diabetes_lstm_pipeline.orchestration.pipeline_orchestrator - ERROR - Failed to initialize pipeline components: expected str, bytes or os.PathLike object, not dict
2025-08-04 14:51:55,527 - diabetes_lstm_pipeline.utils.config_manager - INFO - Configuration loaded from /var/folders/f_/52v4bfmn4d5fz4c886q1d_l00000gn/T/tmpmvc72j39/test_config.yaml
2025-08-04 14:51:55,529 - diabetes_lstm_pipeline.orchestration.parallel_processor - INFO - Parallel processor initialized with 2 workers
2025-08-04 14:51:55,529 - diabetes_lstm_pipeline.sequence_generation.sequence_generation - INFO - Initialized TimeSeriesResampler with frequency=5min
2025-08-04 14:51:55,530 - diabetes_lstm_pipeline.sequence_generation.sequence_generation - INFO - Initialized SequenceValidator
2025-08-04 14:51:55,530 - diabetes_lstm_pipeline.sequence_generation.sequence_generation - INFO - Initialized SequenceGenerator with sequence_length=60 minutes (12 points), prediction_horizon=1
2025-08-04 14:51:55,530 - diabetes_lstm_pipeline.sequence_generation.sequence_generation - INFO - Initialized ParticipantSplitter with ratios: train=0.7, val=0.15, test=0.15
2025-08-04 14:51:55,530 - diabetes_lstm_pipeline.sequence_generation.sequence_generation - INFO - Initialized SequenceGenerationPipeline
2025-08-04 14:51:55,530 - diabetes_lstm_pipeline.orchestration.pipeline_orchestrator - ERROR - Failed to initialize pipeline components: expected str, bytes or os.PathLike object, not dict
2025-08-04 14:51:55,586 - diabetes_lstm_pipeline.utils.config_manager - INFO - Configuration loaded from /var/folders/f_/52v4bfmn4d5fz4c886q1d_l00000gn/T/tmp3j75vogu/test_config.yaml
2025-08-04 14:51:55,587 - diabetes_lstm_pipeline.orchestration.parallel_processor - INFO - Parallel processor initialized with 2 workers
2025-08-04 14:51:55,588 - diabetes_lstm_pipeline.sequence_generation.sequence_generation - INFO - Initialized TimeSeriesResampler with frequency=5min
2025-08-04 14:51:55,589 - diabetes_lstm_pipeline.sequence_generation.sequence_generation - INFO - Initialized SequenceValidator
2025-08-04 14:51:55,589 - diabetes_lstm_pipeline.sequence_generation.sequence_generation - INFO - Initialized SequenceGenerator with sequence_length=60 minutes (12 points), prediction_horizon=1
2025-08-04 14:51:55,589 - diabetes_lstm_pipeline.sequence_generation.sequence_generation - INFO - Initialized ParticipantSplitter with ratios: train=0.7, val=0.15, test=0.15
2025-08-04 14:51:55,589 - diabetes_lstm_pipeline.sequence_generation.sequence_generation - INFO - Initialized SequenceGenerationPipeline
2025-08-04 14:51:55,590 - diabetes_lstm_pipeline.orchestration.pipeline_orchestrator - ERROR - Failed to initialize pipeline components: expected str, bytes or os.PathLike object, not dict
2025-08-04 14:51:55,785 - diabetes_lstm_pipeline.utils.config_manager - INFO - Configuration loaded from /var/folders/f_/52v4bfmn4d5fz4c886q1d_l00000gn/T/tmpj7b260io/test_config.yaml
2025-08-04 14:51:55,786 - diabetes_lstm_pipeline.orchestration.parallel_processor - INFO - Parallel processor initialized with 2 workers
2025-08-04 14:51:55,787 - diabetes_lstm_pipeline.sequence_generation.sequence_generation - INFO - Initialized TimeSeriesResampler with frequency=5min
2025-08-04 14:51:55,787 - diabetes_lstm_pipeline.sequence_generation.sequence_generation - INFO - Initialized SequenceValidator
2025-08-04 14:51:55,787 - diabetes_lstm_pipeline.sequence_generation.sequence_generation - INFO - Initialized SequenceGenerator with sequence_length=60 minutes (12 points), prediction_horizon=1
2025-08-04 14:51:55,787 - diabetes_lstm_pipeline.sequence_generation.sequence_generation - INFO - Initialized ParticipantSplitter with ratios: train=0.7, val=0.15, test=0.15
2025-08-04 14:51:55,788 - diabetes_lstm_pipeline.sequence_generation.sequence_generation - INFO - Initialized SequenceGenerationPipeline
2025-08-04 14:51:55,788 - diabetes_lstm_pipeline.orchestration.pipeline_orchestrator - ERROR - Failed to initialize pipeline components: expected str, bytes or os.PathLike object, not dict
2025-08-04 14:51:55,847 - diabetes_lstm_pipeline.utils.config_manager - INFO - Configuration loaded from /var/folders/f_/52v4bfmn4d5fz4c886q1d_l00000gn/T/tmp100flx_0/test_config.yaml
2025-08-04 14:51:55,848 - diabetes_lstm_pipeline.orchestration.parallel_processor - INFO - Parallel processor initialized with 2 workers
2025-08-04 14:51:55,848 - diabetes_lstm_pipeline.sequence_generation.sequence_generation - INFO - Initialized TimeSeriesResampler with frequency=5min
2025-08-04 14:51:55,848 - diabetes_lstm_pipeline.sequence_generation.sequence_generation - INFO - Initialized SequenceValidator
2025-08-04 14:51:55,848 - diabetes_lstm_pipeline.sequence_generation.sequence_generation - INFO - Initialized SequenceGenerator with sequence_length=60 minutes (12 points), prediction_horizon=1
2025-08-04 14:51:55,849 - diabetes_lstm_pipeline.sequence_generation.sequence_generation - INFO - Initialized ParticipantSplitter with ratios: train=0.7, val=0.15, test=0.15
2025-08-04 14:51:55,849 - diabetes_lstm_pipeline.sequence_generation.sequence_generation - INFO - Initialized SequenceGenerationPipeline
2025-08-04 14:51:55,849 - diabetes_lstm_pipeline.orchestration.pipeline_orchestrator - ERROR - Failed to initialize pipeline components: expected str, bytes or os.PathLike object, not dict
2025-08-04 14:51:55,916 - diabetes_lstm_pipeline.utils.config_manager - INFO - Configuration loaded from /var/folders/f_/52v4bfmn4d5fz4c886q1d_l00000gn/T/tmph5di956_/test_config.yaml
2025-08-04 14:51:55,917 - diabetes_lstm_pipeline.orchestration.parallel_processor - INFO - Parallel processor initialized with 2 workers
2025-08-04 14:51:55,918 - diabetes_lstm_pipeline.sequence_generation.sequence_generation - INFO - Initialized TimeSeriesResampler with frequency=5min
2025-08-04 14:51:55,918 - diabetes_lstm_pipeline.sequence_generation.sequence_generation - INFO - Initialized SequenceValidator
2025-08-04 14:51:55,918 - diabetes_lstm_pipeline.sequence_generation.sequence_generation - INFO - Initialized SequenceGenerator with sequence_length=60 minutes (12 points), prediction_horizon=1
2025-08-04 14:51:55,918 - diabetes_lstm_pipeline.sequence_generation.sequence_generation - INFO - Initialized ParticipantSplitter with ratios: train=0.7, val=0.15, test=0.15
2025-08-04 14:51:55,918 - diabetes_lstm_pipeline.sequence_generation.sequence_generation - INFO - Initialized SequenceGenerationPipeline
2025-08-04 14:51:55,918 - diabetes_lstm_pipeline.orchestration.pipeline_orchestrator - ERROR - Failed to initialize pipeline components: expected str, bytes or os.PathLike object, not dict
2025-08-04 14:51:55,982 - diabetes_lstm_pipeline.utils.config_manager - INFO - Configuration loaded from /var/folders/f_/52v4bfmn4d5fz4c886q1d_l00000gn/T/tmpke1g2hhm/test_config.yaml
2025-08-04 14:51:55,985 - diabetes_lstm_pipeline.orchestration.parallel_processor - INFO - Parallel processor initialized with 2 workers
2025-08-04 14:51:55,986 - diabetes_lstm_pipeline.sequence_generation.sequence_generation - INFO - Initialized TimeSeriesResampler with frequency=5min
2025-08-04 14:51:55,986 - diabetes_lstm_pipeline.sequence_generation.sequence_generation - INFO - Initialized SequenceValidator
2025-08-04 14:51:55,986 - diabetes_lstm_pipeline.sequence_generation.sequence_generation - INFO - Initialized SequenceGenerator with sequence_length=60 minutes (12 points), prediction_horizon=1
2025-08-04 14:51:55,986 - diabetes_lstm_pipeline.sequence_generation.sequence_generation - INFO - Initialized ParticipantSplitter with ratios: train=0.7, val=0.15, test=0.15
2025-08-04 14:51:55,986 - diabetes_lstm_pipeline.sequence_generation.sequence_generation - INFO - Initialized SequenceGenerationPipeline
2025-08-04 14:51:55,986 - diabetes_lstm_pipeline.orchestration.pipeline_orchestrator - ERROR - Failed to initialize pipeline components: expected str, bytes or os.PathLike object, not dict
2025-08-04 14:51:56,065 - diabetes_lstm_pipeline.utils.config_manager - INFO - Configuration loaded from /var/folders/f_/52v4bfmn4d5fz4c886q1d_l00000gn/T/tmpgcndkdey/test_config.yaml
2025-08-04 14:51:56,066 - diabetes_lstm_pipeline.orchestration.parallel_processor - INFO - Parallel processor initialized with 2 workers
2025-08-04 14:51:56,067 - diabetes_lstm_pipeline.sequence_generation.sequence_generation - INFO - Initialized TimeSeriesResampler with frequency=5min
2025-08-04 14:51:56,067 - diabetes_lstm_pipeline.sequence_generation.sequence_generation - INFO - Initialized SequenceValidator
2025-08-04 14:51:56,067 - diabetes_lstm_pipeline.sequence_generation.sequence_generation - INFO - Initialized SequenceGenerator with sequence_length=60 minutes (12 points), prediction_horizon=1
2025-08-04 14:51:56,067 - diabetes_lstm_pipeline.sequence_generation.sequence_generation - INFO - Initialized ParticipantSplitter with ratios: train=0.7, val=0.15, test=0.15
2025-08-04 14:51:56,067 - diabetes_lstm_pipeline.sequence_generation.sequence_generation - INFO - Initialized SequenceGenerationPipeline
2025-08-04 14:51:56,067 - diabetes_lstm_pipeline.orchestration.pipeline_orchestrator - ERROR - Failed to initialize pipeline components: expected str, bytes or os.PathLike object, not dict
2025-08-04 14:51:56,126 - diabetes_lstm_pipeline.utils.config_manager - INFO - Configuration loaded from /var/folders/f_/52v4bfmn4d5fz4c886q1d_l00000gn/T/tmpcfnfk7g4/test_config.yaml
2025-08-04 14:51:56,127 - diabetes_lstm_pipeline.orchestration.parallel_processor - INFO - Parallel processor initialized with 2 workers
2025-08-04 14:51:56,128 - diabetes_lstm_pipeline.sequence_generation.sequence_generation - INFO - Initialized TimeSeriesResampler with frequency=5min
2025-08-04 14:51:56,128 - diabetes_lstm_pipeline.sequence_generation.sequence_generation - INFO - Initialized SequenceValidator
2025-08-04 14:51:56,128 - diabetes_lstm_pipeline.sequence_generation.sequence_generation - INFO - Initialized SequenceGenerator with sequence_length=60 minutes (12 points), prediction_horizon=1
2025-08-04 14:51:56,128 - diabetes_lstm_pipeline.sequence_generation.sequence_generation - INFO - Initialized ParticipantSplitter with ratios: train=0.7, val=0.15, test=0.15
2025-08-04 14:51:56,128 - diabetes_lstm_pipeline.sequence_generation.sequence_generation - INFO - Initialized SequenceGenerationPipeline
2025-08-04 14:51:56,128 - diabetes_lstm_pipeline.orchestration.pipeline_orchestrator - ERROR - Failed to initialize pipeline components: expected str, bytes or os.PathLike object, not dict
2025-08-04 14:51:56,320 - diabetes_lstm_pipeline.orchestration.error_recovery - ERROR - Error in stage 'test_stage': MemoryError: Out of memory
2025-08-04 14:51:56,322 - diabetes_lstm_pipeline.orchestration.error_recovery - INFO - Recommended recovery strategy for 'test_stage': restart_from_checkpoint
2025-08-04 14:51:56,335 - diabetes_lstm_pipeline.orchestration.error_recovery - INFO - Checkpoint saved for stage 'test_stage': /private/var/folders/f_/52v4bfmn4d5fz4c886q1d_l00000gn/T/pytest-of-mitchellspano/pytest-3/test_checkpoint_operations0/test_stage_checkpoint_20250804_145156.json
2025-08-04 14:51:56,335 - diabetes_lstm_pipeline.orchestration.error_recovery - INFO - Checkpoint loaded for stage 'test_stage': /private/var/folders/f_/52v4bfmn4d5fz4c886q1d_l00000gn/T/pytest-of-mitchellspano/pytest-3/test_checkpoint_operations0/test_stage_checkpoint_20250804_145156.json
2025-08-04 14:51:56,337 - diabetes_lstm_pipeline.orchestration.parallel_processor - INFO - Parallel processor initialized with 4 workers
2025-08-04 14:51:56,338 - diabetes_lstm_pipeline.orchestration.parallel_processor - INFO - Parallel processor initialized with 2 workers
2025-08-04 14:51:56,338 - diabetes_lstm_pipeline.orchestration.parallel_processor - INFO - Starting parallel processing for parallel_processing with 5 chunks
2025-08-04 14:51:56,420 - diabetes_lstm_pipeline.orchestration.parallel_processor - ERROR - Error processing chunk 0: Can't pickle local object 'TestParallelProcessor.test_parallel_processing.<locals>.square_function'
2025-08-04 14:51:56,421 - diabetes_lstm_pipeline.orchestration.parallel_processor - ERROR - Error processing chunk 1: Can't pickle local object 'TestParallelProcessor.test_parallel_processing.<locals>.square_function'
2025-08-04 14:51:56,422 - diabetes_lstm_pipeline.orchestration.parallel_processor - ERROR - Error processing chunk 2: Can't pickle local object 'TestParallelProcessor.test_parallel_processing.<locals>.square_function'
2025-08-04 14:51:56,423 - diabetes_lstm_pipeline.orchestration.parallel_processor - ERROR - Error processing chunk 3: Can't pickle local object 'TestParallelProcessor.test_parallel_processing.<locals>.square_function'
2025-08-04 14:51:56,424 - diabetes_lstm_pipeline.orchestration.parallel_processor - ERROR - Error processing chunk 4: Can't pickle local object 'TestParallelProcessor.test_parallel_processing.<locals>.square_function'
2025-08-04 14:51:56,506 - diabetes_lstm_pipeline.orchestration.parallel_processor - INFO - Parallel processing completed in 0.17 seconds
2025-08-04 14:51:56,548 - diabetes_lstm_pipeline.orchestration.parallel_processor - INFO - Parallel processor initialized with 8 workers
2025-08-04 14:51:57,551 - diabetes_lstm_pipeline.orchestration.parallel_processor - INFO - Parallel processor initialized with 8 workers
2025-08-04 14:53:44,579 - root - INFO - Logging system initialized - Level: INFO, File: logs/pipeline.log
2025-08-04 14:53:44,580 - main - INFO - Diabetes LSTM Pipeline initialized
